0 info it worked if it ends with ok
1 verbose cli [ 'D:\\Program Files\\nodejs\\node.exe',
1 verbose cli   'D:\\Program Files\\nodejs\\node_modules\\npm\\bin\\npm-cli.js',
1 verbose cli   'install',
1 verbose cli   'bson' ]
2 info using npm@3.10.9
3 info using node@v6.9.2
4 silly loadCurrentTree Starting
5 silly install loadCurrentTree
6 silly install readLocalPackageData
7 silly fetchPackageMetaData bson
8 silly fetchNamedPackageData bson
9 silly mapToRegistry name bson
10 silly mapToRegistry using default registry
11 silly mapToRegistry registry https://registry.npm.taobao.org/
12 silly mapToRegistry data Result {
12 silly mapToRegistry   raw: 'bson',
12 silly mapToRegistry   scope: null,
12 silly mapToRegistry   escapedName: 'bson',
12 silly mapToRegistry   name: 'bson',
12 silly mapToRegistry   rawSpec: '',
12 silly mapToRegistry   spec: 'latest',
12 silly mapToRegistry   type: 'tag' }
13 silly mapToRegistry uri https://registry.npm.taobao.org/bson
14 verbose request uri https://registry.npm.taobao.org/bson
15 verbose request no auth needed
16 info attempt registry request try #1 at 10:42:29
17 verbose request id f7881d7701d80929
18 http request GET https://registry.npm.taobao.org/bson
19 info retry will retry, error on last attempt: Error: getaddrinfo ENOENT registry.npm.taobao.org:443
20 info attempt registry request try #2 at 10:42:39
21 http request GET https://registry.npm.taobao.org/bson
22 info retry will retry, error on last attempt: Error: getaddrinfo ENOENT registry.npm.taobao.org:443
23 info attempt registry request try #3 at 10:43:39
24 http request GET https://registry.npm.taobao.org/bson
25 silly fetchPackageMetaData Error: getaddrinfo ENOENT registry.npm.taobao.org:443
25 silly fetchPackageMetaData     at Object.exports._errnoException (util.js:1022:11)
25 silly fetchPackageMetaData     at errnoException (dns.js:33:15)
25 silly fetchPackageMetaData     at GetAddrInfoReqWrap.onlookup [as oncomplete] (dns.js:76:26)
25 silly fetchPackageMetaData  error for bson { Error: getaddrinfo ENOENT registry.npm.taobao.org:443
25 silly fetchPackageMetaData     at Object.exports._errnoException (util.js:1022:11)
25 silly fetchPackageMetaData     at errnoException (dns.js:33:15)
25 silly fetchPackageMetaData     at GetAddrInfoReqWrap.onlookup [as oncomplete] (dns.js:76:26)
25 silly fetchPackageMetaData   code: 'ENOENT',
25 silly fetchPackageMetaData   errno: 'ENOENT',
25 silly fetchPackageMetaData   syscall: 'getaddrinfo',
25 silly fetchPackageMetaData   hostname: 'registry.npm.taobao.org',
25 silly fetchPackageMetaData   host: 'registry.npm.taobao.org',
25 silly fetchPackageMetaData   port: 443 }
26 silly rollbackFailedOptional Starting
27 silly rollbackFailedOptional Finishing
28 silly runTopLevelLifecycles Finishing
29 silly install printInstalled
30 verbose stack Error: getaddrinfo ENOENT registry.npm.taobao.org:443
30 verbose stack     at Object.exports._errnoException (util.js:1022:11)
30 verbose stack     at errnoException (dns.js:33:15)
30 verbose stack     at GetAddrInfoReqWrap.onlookup [as oncomplete] (dns.js:76:26)
31 verbose cwd D:\Work\nodeJs_learning\practicalnode\ch5\blog-express
32 error Windows_NT 6.1.7601
33 error argv "D:\\Program Files\\nodejs\\node.exe" "D:\\Program Files\\nodejs\\node_modules\\npm\\bin\\npm-cli.js" "install" "bson"
34 error node v6.9.2
35 error npm  v3.10.9
36 error code ENOENT
37 error errno ENOENT
38 error syscall getaddrinfo
39 error enoent getaddrinfo ENOENT registry.npm.taobao.org:443
40 error enoent getaddrinfo ENOENT registry.npm.taobao.org:443
40 error enoent This is most likely not a problem with npm itself
40 error enoent and is related to npm not being able to find a file.
41 verbose exit [ 1, true ]
